[2025-04-04T13:21:20.267+0000] {local_task_job_runner.py:123} INFO - ::group::Pre task execution logs
[2025-04-04T13:21:20.297+0000] {taskinstance.py:2614} INFO - Dependencies all met for dep_context=non-requeueable deps ti=<TaskInstance: talend_job_execution.check_job_results manual__2025-04-04T13:21:05.837613+00:00 [queued]>
[2025-04-04T13:21:20.313+0000] {taskinstance.py:2614} INFO - Dependencies all met for dep_context=requeueable deps ti=<TaskInstance: talend_job_execution.check_job_results manual__2025-04-04T13:21:05.837613+00:00 [queued]>
[2025-04-04T13:21:20.315+0000] {taskinstance.py:2867} INFO - Starting attempt 1 of 2
[2025-04-04T13:21:20.336+0000] {taskinstance.py:2890} INFO - Executing <Task(BashOperator): check_job_results> on 2025-04-04 13:21:05.837613+00:00
[2025-04-04T13:21:20.346+0000] {logging_mixin.py:190} WARNING - /home/***/.local/lib/python3.12/site-packages/***/task/task_runner/standard_task_runner.py:70 DeprecationWarning: This process (pid=546) is multi-threaded, use of fork() may lead to deadlocks in the child.
[2025-04-04T13:21:20.348+0000] {standard_task_runner.py:72} INFO - Started process 547 to run task
[2025-04-04T13:21:20.346+0000] {standard_task_runner.py:104} INFO - Running: ['***', 'tasks', 'run', 'talend_job_execution', 'check_job_results', 'manual__2025-04-04T13:21:05.837613+00:00', '--job-id', '480', '--raw', '--subdir', 'DAGS_FOLDER/test.py', '--cfg-path', '/tmp/tmpwqm8ux7t']
[2025-04-04T13:21:20.349+0000] {standard_task_runner.py:105} INFO - Job 480: Subtask check_job_results
[2025-04-04T13:21:20.369+0000] {logging_mixin.py:190} WARNING - /home/***/.local/lib/python3.12/site-packages/***/settings.py:209 DeprecationWarning: The sql_alchemy_conn option in [core] has been moved to the sql_alchemy_conn option in [database] - the old setting has been used, but please update your config.
[2025-04-04T13:21:20.422+0000] {task_command.py:467} INFO - Running <TaskInstance: talend_job_execution.check_job_results manual__2025-04-04T13:21:05.837613+00:00 [running]> on host 98a2ddb84e26
[2025-04-04T13:21:20.548+0000] {taskinstance.py:3134} INFO - Exporting env vars: AIRFLOW_CTX_DAG_OWNER='***' AIRFLOW_CTX_DAG_ID='talend_job_execution' AIRFLOW_CTX_TASK_ID='check_job_results' AIRFLOW_CTX_EXECUTION_DATE='2025-04-04T13:21:05.837613+00:00' AIRFLOW_CTX_TRY_NUMBER='1' AIRFLOW_CTX_DAG_RUN_ID='manual__2025-04-04T13:21:05.837613+00:00'
[2025-04-04T13:21:20.549+0000] {taskinstance.py:732} INFO - ::endgroup::
[2025-04-04T13:21:20.565+0000] {subprocess.py:78} INFO - Tmp dir root location: /tmp
[2025-04-04T13:21:20.567+0000] {subprocess.py:88} INFO - Running command: ['/usr/bin/bash', '-c', '\n        echo "Job Talend terminé - Vérification des résultats"\n        if [ -f /opt/***/talend_jobs/CorrigeAge/job_output.log ]; then\n            echo "Résumé du job :"\n            grep -A 5 "Code de sortie" /opt/***/talend_jobs/CorrigeAge/job_output.log || echo "Informations de sortie non trouvées"\n        else\n            echo "Fichier de log non trouvé. Vérifiez le conteneur talend-jobs directement."\n        fi\n        ']
[2025-04-04T13:21:20.580+0000] {subprocess.py:99} INFO - Output:
[2025-04-04T13:21:20.583+0000] {subprocess.py:106} INFO - Job Talend terminé - Vérification des résultats
[2025-04-04T13:21:20.585+0000] {subprocess.py:106} INFO - Résumé du job :
[2025-04-04T13:21:20.597+0000] {subprocess.py:106} INFO - Code de sortie : 0
[2025-04-04T13:21:20.598+0000] {subprocess.py:106} INFO - ========================================================
[2025-04-04T13:21:20.598+0000] {subprocess.py:110} INFO - Command exited with return code 0
[2025-04-04T13:21:20.630+0000] {taskinstance.py:341} INFO - ::group::Post task execution logs
[2025-04-04T13:21:20.631+0000] {taskinstance.py:353} INFO - Marking task as SUCCESS. dag_id=talend_job_execution, task_id=check_job_results, run_id=manual__2025-04-04T13:21:05.837613+00:00, execution_date=20250404T132105, start_date=20250404T132120, end_date=20250404T132120
[2025-04-04T13:21:20.685+0000] {local_task_job_runner.py:266} INFO - Task exited with return code 0
[2025-04-04T13:21:20.729+0000] {taskinstance.py:3901} INFO - 1 downstream tasks scheduled from follow-on schedule check
[2025-04-04T13:21:20.733+0000] {local_task_job_runner.py:245} INFO - ::endgroup::
