[2025-04-04T13:13:45.923+0000] {local_task_job_runner.py:123} INFO - ::group::Pre task execution logs
[2025-04-04T13:13:45.947+0000] {taskinstance.py:2614} INFO - Dependencies all met for dep_context=non-requeueable deps ti=<TaskInstance: talend_job_execution.check_talend_container manual__2025-04-04T13:13:45.142919+00:00 [queued]>
[2025-04-04T13:13:45.961+0000] {taskinstance.py:2614} INFO - Dependencies all met for dep_context=requeueable deps ti=<TaskInstance: talend_job_execution.check_talend_container manual__2025-04-04T13:13:45.142919+00:00 [queued]>
[2025-04-04T13:13:45.963+0000] {taskinstance.py:2867} INFO - Starting attempt 1 of 2
[2025-04-04T13:13:45.995+0000] {taskinstance.py:2890} INFO - Executing <Task(BashOperator): check_talend_container> on 2025-04-04 13:13:45.142919+00:00
[2025-04-04T13:13:46.011+0000] {logging_mixin.py:190} WARNING - /home/***/.local/lib/python3.12/site-packages/***/task/task_runner/standard_task_runner.py:70 DeprecationWarning: This process (pid=268) is multi-threaded, use of fork() may lead to deadlocks in the child.
[2025-04-04T13:13:46.009+0000] {standard_task_runner.py:104} INFO - Running: ['***', 'tasks', 'run', 'talend_job_execution', 'check_talend_container', 'manual__2025-04-04T13:13:45.142919+00:00', '--job-id', '475', '--raw', '--subdir', 'DAGS_FOLDER/test.py', '--cfg-path', '/tmp/tmpuyyk6r2m']
[2025-04-04T13:13:46.014+0000] {standard_task_runner.py:72} INFO - Started process 269 to run task
[2025-04-04T13:13:46.014+0000] {standard_task_runner.py:105} INFO - Job 475: Subtask check_talend_container
[2025-04-04T13:13:46.050+0000] {logging_mixin.py:190} WARNING - /home/***/.local/lib/python3.12/site-packages/***/settings.py:209 DeprecationWarning: The sql_alchemy_conn option in [core] has been moved to the sql_alchemy_conn option in [database] - the old setting has been used, but please update your config.
[2025-04-04T13:13:46.126+0000] {task_command.py:467} INFO - Running <TaskInstance: talend_job_execution.check_talend_container manual__2025-04-04T13:13:45.142919+00:00 [running]> on host 98a2ddb84e26
[2025-04-04T13:13:46.260+0000] {taskinstance.py:3134} INFO - Exporting env vars: AIRFLOW_CTX_DAG_OWNER='***' AIRFLOW_CTX_DAG_ID='talend_job_execution' AIRFLOW_CTX_TASK_ID='check_talend_container' AIRFLOW_CTX_EXECUTION_DATE='2025-04-04T13:13:45.142919+00:00' AIRFLOW_CTX_TRY_NUMBER='1' AIRFLOW_CTX_DAG_RUN_ID='manual__2025-04-04T13:13:45.142919+00:00'
[2025-04-04T13:13:46.265+0000] {taskinstance.py:732} INFO - ::endgroup::
[2025-04-04T13:13:46.302+0000] {subprocess.py:78} INFO - Tmp dir root location: /tmp
[2025-04-04T13:13:46.304+0000] {subprocess.py:88} INFO - Running command: ['/usr/bin/bash', '-c', 'docker ps | grep talend-jobs || (echo "Starting talend-jobs container..." && docker start talend-jobs)']
[2025-04-04T13:13:46.316+0000] {subprocess.py:99} INFO - Output:
[2025-04-04T13:13:46.391+0000] {subprocess.py:106} INFO - 42b617f0abec   openjdk:11              "tail -f /dev/null"      3 minutes ago   Up 3 minutes                                talend-jobs
[2025-04-04T13:13:46.392+0000] {subprocess.py:110} INFO - Command exited with return code 0
[2025-04-04T13:13:46.430+0000] {taskinstance.py:341} INFO - ::group::Post task execution logs
[2025-04-04T13:13:46.432+0000] {taskinstance.py:353} INFO - Marking task as SUCCESS. dag_id=talend_job_execution, task_id=check_talend_container, run_id=manual__2025-04-04T13:13:45.142919+00:00, execution_date=20250404T131345, start_date=20250404T131345, end_date=20250404T131346
[2025-04-04T13:13:46.515+0000] {local_task_job_runner.py:266} INFO - Task exited with return code 0
[2025-04-04T13:13:46.567+0000] {taskinstance.py:3901} INFO - 1 downstream tasks scheduled from follow-on schedule check
[2025-04-04T13:13:46.572+0000] {local_task_job_runner.py:245} INFO - ::endgroup::
