[2025-04-04T13:21:07.279+0000] {local_task_job_runner.py:123} INFO - ::group::Pre task execution logs
[2025-04-04T13:21:07.310+0000] {taskinstance.py:2614} INFO - Dependencies all met for dep_context=non-requeueable deps ti=<TaskInstance: talend_job_execution.check_talend_container manual__2025-04-04T13:21:05.837613+00:00 [queued]>
[2025-04-04T13:21:07.325+0000] {taskinstance.py:2614} INFO - Dependencies all met for dep_context=requeueable deps ti=<TaskInstance: talend_job_execution.check_talend_container manual__2025-04-04T13:21:05.837613+00:00 [queued]>
[2025-04-04T13:21:07.326+0000] {taskinstance.py:2867} INFO - Starting attempt 1 of 2
[2025-04-04T13:21:07.352+0000] {taskinstance.py:2890} INFO - Executing <Task(BashOperator): check_talend_container> on 2025-04-04 13:21:05.837613+00:00
[2025-04-04T13:21:07.365+0000] {standard_task_runner.py:104} INFO - Running: ['***', 'tasks', 'run', 'talend_job_execution', 'check_talend_container', 'manual__2025-04-04T13:21:05.837613+00:00', '--job-id', '478', '--raw', '--subdir', 'DAGS_FOLDER/test.py', '--cfg-path', '/tmp/tmpvy30_pol']
[2025-04-04T13:21:07.367+0000] {logging_mixin.py:190} WARNING - /home/***/.local/lib/python3.12/site-packages/***/task/task_runner/standard_task_runner.py:70 DeprecationWarning: This process (pid=516) is multi-threaded, use of fork() may lead to deadlocks in the child.
[2025-04-04T13:21:07.370+0000] {standard_task_runner.py:105} INFO - Job 478: Subtask check_talend_container
[2025-04-04T13:21:07.371+0000] {standard_task_runner.py:72} INFO - Started process 517 to run task
[2025-04-04T13:21:07.394+0000] {logging_mixin.py:190} WARNING - /home/***/.local/lib/python3.12/site-packages/***/settings.py:209 DeprecationWarning: The sql_alchemy_conn option in [core] has been moved to the sql_alchemy_conn option in [database] - the old setting has been used, but please update your config.
[2025-04-04T13:21:07.437+0000] {task_command.py:467} INFO - Running <TaskInstance: talend_job_execution.check_talend_container manual__2025-04-04T13:21:05.837613+00:00 [running]> on host 98a2ddb84e26
[2025-04-04T13:21:07.547+0000] {taskinstance.py:3134} INFO - Exporting env vars: AIRFLOW_CTX_DAG_OWNER='***' AIRFLOW_CTX_DAG_ID='talend_job_execution' AIRFLOW_CTX_TASK_ID='check_talend_container' AIRFLOW_CTX_EXECUTION_DATE='2025-04-04T13:21:05.837613+00:00' AIRFLOW_CTX_TRY_NUMBER='1' AIRFLOW_CTX_DAG_RUN_ID='manual__2025-04-04T13:21:05.837613+00:00'
[2025-04-04T13:21:07.548+0000] {taskinstance.py:732} INFO - ::endgroup::
[2025-04-04T13:21:07.565+0000] {subprocess.py:78} INFO - Tmp dir root location: /tmp
[2025-04-04T13:21:07.567+0000] {subprocess.py:88} INFO - Running command: ['/usr/bin/bash', '-c', 'docker ps | grep talend-jobs || (echo "Starting talend-jobs container..." && docker start talend-jobs)']
[2025-04-04T13:21:07.578+0000] {subprocess.py:99} INFO - Output:
[2025-04-04T13:21:07.631+0000] {subprocess.py:106} INFO - 42b617f0abec   openjdk:11              "tail -f /dev/null"      10 minutes ago   Up 10 minutes                            talend-jobs
[2025-04-04T13:21:07.632+0000] {subprocess.py:110} INFO - Command exited with return code 0
[2025-04-04T13:21:07.671+0000] {taskinstance.py:341} INFO - ::group::Post task execution logs
[2025-04-04T13:21:07.673+0000] {taskinstance.py:353} INFO - Marking task as SUCCESS. dag_id=talend_job_execution, task_id=check_talend_container, run_id=manual__2025-04-04T13:21:05.837613+00:00, execution_date=20250404T132105, start_date=20250404T132107, end_date=20250404T132107
[2025-04-04T13:21:07.751+0000] {local_task_job_runner.py:266} INFO - Task exited with return code 0
[2025-04-04T13:21:07.788+0000] {taskinstance.py:3901} INFO - 1 downstream tasks scheduled from follow-on schedule check
[2025-04-04T13:21:07.793+0000] {local_task_job_runner.py:245} INFO - ::endgroup::
