[2025-04-04T12:42:00.149+0000] {local_task_job_runner.py:123} INFO - ::group::Pre task execution logs
[2025-04-04T12:42:00.179+0000] {taskinstance.py:2614} INFO - Dependencies all met for dep_context=non-requeueable deps ti=<TaskInstance: talend_direct_execution.check_files manual__2025-04-04T12:41:59.019958+00:00 [queued]>
[2025-04-04T12:42:00.195+0000] {taskinstance.py:2614} INFO - Dependencies all met for dep_context=requeueable deps ti=<TaskInstance: talend_direct_execution.check_files manual__2025-04-04T12:41:59.019958+00:00 [queued]>
[2025-04-04T12:42:00.196+0000] {taskinstance.py:2867} INFO - Starting attempt 1 of 1
[2025-04-04T12:42:00.220+0000] {taskinstance.py:2890} INFO - Executing <Task(BashOperator): check_files> on 2025-04-04 12:41:59.019958+00:00
[2025-04-04T12:42:00.236+0000] {logging_mixin.py:190} WARNING - /home/***/.local/lib/python3.12/site-packages/***/task/task_runner/standard_task_runner.py:70 DeprecationWarning: This process (pid=14370) is multi-threaded, use of fork() may lead to deadlocks in the child.
[2025-04-04T12:42:00.244+0000] {standard_task_runner.py:72} INFO - Started process 14376 to run task
[2025-04-04T12:42:00.233+0000] {standard_task_runner.py:104} INFO - Running: ['***', 'tasks', 'run', 'talend_direct_execution', 'check_files', 'manual__2025-04-04T12:41:59.019958+00:00', '--job-id', '470', '--raw', '--subdir', 'DAGS_FOLDER/test.py', '--cfg-path', '/tmp/tmps7x959jc']
[2025-04-04T12:42:00.246+0000] {standard_task_runner.py:105} INFO - Job 470: Subtask check_files
[2025-04-04T12:42:00.296+0000] {logging_mixin.py:190} WARNING - /home/***/.local/lib/python3.12/site-packages/***/settings.py:209 DeprecationWarning: The sql_alchemy_conn option in [core] has been moved to the sql_alchemy_conn option in [database] - the old setting has been used, but please update your config.
[2025-04-04T12:42:00.403+0000] {task_command.py:467} INFO - Running <TaskInstance: talend_direct_execution.check_files manual__2025-04-04T12:41:59.019958+00:00 [running]> on host 3bab8bf2707d
[2025-04-04T12:42:00.566+0000] {taskinstance.py:3134} INFO - Exporting env vars: AIRFLOW_CTX_DAG_OWNER='***' AIRFLOW_CTX_DAG_ID='talend_direct_execution' AIRFLOW_CTX_TASK_ID='check_files' AIRFLOW_CTX_EXECUTION_DATE='2025-04-04T12:41:59.019958+00:00' AIRFLOW_CTX_TRY_NUMBER='1' AIRFLOW_CTX_DAG_RUN_ID='manual__2025-04-04T12:41:59.019958+00:00'
[2025-04-04T12:42:00.568+0000] {taskinstance.py:732} INFO - ::endgroup::
[2025-04-04T12:42:00.596+0000] {subprocess.py:78} INFO - Tmp dir root location: /tmp
[2025-04-04T12:42:00.599+0000] {subprocess.py:88} INFO - Running command: ['/usr/bin/bash', '-c', 'echo "Current directory: $(pwd)" && ls -la /opt/***/talend_jobs 2>/dev/null || echo "Directory not found"']
[2025-04-04T12:42:00.614+0000] {subprocess.py:99} INFO - Output:
[2025-04-04T12:42:00.619+0000] {subprocess.py:106} INFO - Current directory: /tmp/***tmpd4zxt_e6
[2025-04-04T12:42:00.622+0000] {subprocess.py:106} INFO - total 8
[2025-04-04T12:42:00.623+0000] {subprocess.py:106} INFO - drwxr-xr-x 2 root    root 4096 Mar 25 14:15 .
[2025-04-04T12:42:00.624+0000] {subprocess.py:106} INFO - drwxrwxr-x 6 *** root 4096 Apr  4 11:44 ..
[2025-04-04T12:42:00.625+0000] {subprocess.py:110} INFO - Command exited with return code 0
[2025-04-04T12:42:00.671+0000] {taskinstance.py:341} INFO - ::group::Post task execution logs
[2025-04-04T12:42:00.672+0000] {taskinstance.py:353} INFO - Marking task as SUCCESS. dag_id=talend_direct_execution, task_id=check_files, run_id=manual__2025-04-04T12:41:59.019958+00:00, execution_date=20250404T124159, start_date=20250404T124200, end_date=20250404T124200
[2025-04-04T12:42:00.754+0000] {local_task_job_runner.py:266} INFO - Task exited with return code 0
[2025-04-04T12:42:00.792+0000] {taskinstance.py:3901} INFO - 1 downstream tasks scheduled from follow-on schedule check
[2025-04-04T12:42:00.796+0000] {local_task_job_runner.py:245} INFO - ::endgroup::
